OMP: Warning #190: Forking a process while a parallel region is active is potentially unsafe.
OMP: Warning #190: Forking a process while a parallel region is active is potentially unsafe.
OMP: Warning #190: Forking a process while a parallel region is active is potentially unsafe.
OMP: Warning #190: Forking a process while a parallel region is active is potentially unsafe.
OMP: Warning #190: Forking a process while a parallel region is active is potentially unsafe.
OMP: Warning #190: Forking a process while a parallel region is active is potentially unsafe.
OMP: Warning #190: Forking a process while a parallel region is active is potentially unsafe.
OMP: Warning #190: Forking a process while a parallel region is active is potentially unsafe.
OMP: Warning #190: Forking a process while a parallel region is active is potentially unsafe.
OMP: Warning #190: Forking a process while a parallel region is active is potentially unsafe.
OMP: Warning #190: Forking a process while a parallel region is active is potentially unsafe.
OMP: Warning #190: Forking a process while a parallel region is active is potentially unsafe.
slurmstepd-p101: error: Step 169499.0 hit memory limit at least once during execution. This may or may not result in some failure.
slurmstepd-p101: error: Job 169499 hit memory limit at least once during execution. This may or may not result in some failure.
srun: error: p101: task 0: Out Of Memory
slurmstepd-p101: error: Job 169499 hit memory limit at least once during execution. This may or may not result in some failure.
slurmstepd-p102: error: Step 169504.0 hit memory limit at least once during execution. This may or may not result in some failure.
slurmstepd-p102: error: Job 169504 hit memory limit at least once during execution. This may or may not result in some failure.
srun: error: p102: task 0: Out Of Memory
slurmstepd-p102: error: Job 169504 hit memory limit at least once during execution. This may or may not result in some failure.
slurmstepd-p105: error: Job 169515 hit memory limit at least once during execution. This may or may not result in some failure.
srun: error: p105: task 0: Out Of Memory
slurmstepd-p105: error: Job 169515 hit memory limit at least once during execution. This may or may not result in some failure.
slurmstepd-p100: error: Step 169498.0 hit memory limit at least once during execution. This may or may not result in some failure.
slurmstepd-p100: error: Job 169498 hit memory limit at least once during execution. This may or may not result in some failure.
srun: error: p100: task 0: Out Of Memory
slurmstepd-p100: error: Job 169498 hit memory limit at least once during execution. This may or may not result in some failure.
slurmstepd-p100: error: Step 169497.0 hit memory limit at least once during execution. This may or may not result in some failure.
slurmstepd-p100: error: Job 169497 hit memory limit at least once during execution. This may or may not result in some failure.
srun: error: p100: task 0: Out Of Memory
slurmstepd-p100: error: Job 169497 hit memory limit at least once during execution. This may or may not result in some failure.
slurmstepd-p102: error: Step 169506.0 hit memory limit at least once during execution. This may or may not result in some failure.
slurmstepd-p102: error: Job 169506 hit memory limit at least once during execution. This may or may not result in some failure.
srun: error: p102: task 0: Out Of Memory
slurmstepd-p102: error: Job 169506 hit memory limit at least once during execution. This may or may not result in some failure.
slurmstepd-p102: error: Step 169503.0 hit memory limit at least once during execution. This may or may not result in some failure.
slurmstepd-p102: error: Job 169503 hit memory limit at least once during execution. This may or may not result in some failure.
srun: error: p102: task 0: Out Of Memory
slurmstepd-p102: error: Job 169503 hit memory limit at least once during execution. This may or may not result in some failure.
slurmstepd-p102: error: Step 169505.0 hit memory limit at least once during execution. This may or may not result in some failure.
slurmstepd-p102: error: Job 169505 hit memory limit at least once during execution. This may or may not result in some failure.
srun: error: p102: task 0: Out Of Memory
slurmstepd-p102: error: Job 169505 hit memory limit at least once during execution. This may or may not result in some failure.
slurmstepd-p101: error: Step 169500.0 hit memory limit at least once during execution. This may or may not result in some failure.
slurmstepd-p101: error: Job 169500 hit memory limit at least once during execution. This may or may not result in some failure.
srun: error: p101: task 0: Out Of Memory
slurmstepd-p101: error: Job 169500 hit memory limit at least once during execution. This may or may not result in some failure.
slurmstepd-p103: error: Step 169510.0 hit memory limit at least once during execution. This may or may not result in some failure.
slurmstepd-p103: error: Job 169510 hit memory limit at least once during execution. This may or may not result in some failure.
srun: error: p103: task 0: Out Of Memory
slurmstepd-p103: error: Job 169510 hit memory limit at least once during execution. This may or may not result in some failure.
slurmstepd-p103: error: Job 169507 hit memory limit at least once during execution. This may or may not result in some failure.
srun: error: p103: task 0: Out Of Memory
slurmstepd-p103: error: Job 169507 hit memory limit at least once during execution. This may or may not result in some failure.
slurmstepd-p105: error: Step 169516.0 hit memory limit at least once during execution. This may or may not result in some failure.
slurmstepd-p105: error: Job 169516 hit memory limit at least once during execution. This may or may not result in some failure.
srun: error: p105: task 0: Out Of Memory
slurmstepd-p105: error: Job 169516 hit memory limit at least once during execution. This may or may not result in some failure.
slurmstepd-p106: error: Step 169519.0 hit memory limit at least once during execution. This may or may not result in some failure.
slurmstepd-p106: error: Job 169519 hit memory limit at least once during execution. This may or may not result in some failure.
srun: error: p106: task 0: Out Of Memory
slurmstepd-p106: error: Job 169519 hit memory limit at least once during execution. This may or may not result in some failure.
slurmstepd-p107: error: Job 169523 hit memory limit at least once during execution. This may or may not result in some failure.
srun: error: p107: task 0: Out Of Memory
slurmstepd-p107: error: Job 169523 hit memory limit at least once during execution. This may or may not result in some failure.
slurmstepd-p101: error: Step 169501.0 hit memory limit at least once during execution. This may or may not result in some failure.
slurmstepd-p101: error: Job 169501 hit memory limit at least once during execution. This may or may not result in some failure.
srun: error: p101: task 0: Out Of Memory
slurmstepd-p101: error: Job 169501 hit memory limit at least once during execution. This may or may not result in some failure.
slurmstepd-p103: error: Step 169508.0 hit memory limit at least once during execution. This may or may not result in some failure.
slurmstepd-p103: error: Job 169508 hit memory limit at least once during execution. This may or may not result in some failure.
srun: error: p103: task 0: Out Of Memory
slurmstepd-p103: error: Job 169508 hit memory limit at least once during execution. This may or may not result in some failure.
slurmstepd-p103: error: Step 169509.0 hit memory limit at least once during execution. This may or may not result in some failure.
slurmstepd-p103: error: Job 169509 hit memory limit at least once during execution. This may or may not result in some failure.
srun: error: p103: task 0: Out Of Memory
slurmstepd-p103: error: Job 169509 hit memory limit at least once during execution. This may or may not result in some failure.
slurmstepd-p104: error: Step 169514.0 hit memory limit at least once during execution. This may or may not result in some failure.
slurmstepd-p104: error: Job 169514 hit memory limit at least once during execution. This may or may not result in some failure.
srun: error: p104: task 0: Out Of Memory
slurmstepd-p104: error: Job 169514 hit memory limit at least once during execution. This may or may not result in some failure.
slurmstepd-p104: error: Step 169512.0 hit memory limit at least once during execution. This may or may not result in some failure.
slurmstepd-p104: error: Job 169512 hit memory limit at least once during execution. This may or may not result in some failure.
srun: error: p104: task 0: Out Of Memory
slurmstepd-p104: error: Job 169512 hit memory limit at least once during execution. This may or may not result in some failure.
slurmstepd-p106: error: Step 169521.0 hit memory limit at least once during execution. This may or may not result in some failure.
slurmstepd-p106: error: Job 169521 hit memory limit at least once during execution. This may or may not result in some failure.
srun: error: p106: task 0: Out Of Memory
slurmstepd-p106: error: Job 169521 hit memory limit at least once during execution. This may or may not result in some failure.
slurmstepd-p107: error: Job 169525 hit memory limit at least once during execution. This may or may not result in some failure.
srun: error: p107: task 0: Out Of Memory
slurmstepd-p107: error: Job 169525 hit memory limit at least once during execution. This may or may not result in some failure.
slurmstepd-p104: error: Step 169511.0 hit memory limit at least once during execution. This may or may not result in some failure.
slurmstepd-p104: error: Job 169511 hit memory limit at least once during execution. This may or may not result in some failure.
srun: error: p104: task 0: Out Of Memory
slurmstepd-p104: error: Job 169511 hit memory limit at least once during execution. This may or may not result in some failure.
slurmstepd-p106: error: Step 169522.0 hit memory limit at least once during execution. This may or may not result in some failure.
slurmstepd-p106: error: Job 169522 hit memory limit at least once during execution. This may or may not result in some failure.
srun: error: p106: task 0: Out Of Memory
slurmstepd-p106: error: Job 169522 hit memory limit at least once during execution. This may or may not result in some failure.
slurmstepd-p104: error: Step 169513.0 hit memory limit at least once during execution. This may or may not result in some failure.
slurmstepd-p104: error: Job 169513 hit memory limit at least once during execution. This may or may not result in some failure.
srun: error: p104: task 0: Out Of Memory
slurmstepd-p104: error: Job 169513 hit memory limit at least once during execution. This may or may not result in some failure.
slurmstepd-p105: error: Step 169517.0 hit memory limit at least once during execution. This may or may not result in some failure.
slurmstepd-p105: error: Job 169517 hit memory limit at least once during execution. This may or may not result in some failure.
srun: error: p105: task 0: Out Of Memory
slurmstepd-p105: error: Job 169517 hit memory limit at least once during execution. This may or may not result in some failure.
slurmstepd-p101: error: Step 169502.0 hit memory limit at least once during execution. This may or may not result in some failure.
slurmstepd-p101: error: Job 169502 hit memory limit at least once during execution. This may or may not result in some failure.
srun: error: p101: task 0: Out Of Memory
slurmstepd-p101: error: Job 169502 hit memory limit at least once during execution. This may or may not result in some failure.
slurmstepd-p106: error: Step 169520.0 hit memory limit at least once during execution. This may or may not result in some failure.
slurmstepd-p106: error: Job 169520 hit memory limit at least once during execution. This may or may not result in some failure.
srun: error: p106: task 0: Out Of Memory
slurmstepd-p106: error: Job 169520 hit memory limit at least once during execution. This may or may not result in some failure.
slurmstepd-p105: error: Step 169518.0 hit memory limit at least once during execution. This may or may not result in some failure.
slurmstepd-p105: error: Job 169518 hit memory limit at least once during execution. This may or may not result in some failure.
srun: error: p105: task 0: Out Of Memory
slurmstepd-p105: error: Job 169518 hit memory limit at least once during execution. This may or may not result in some failure.
slurmstepd-p107: error: Step 169524.0 hit memory limit at least once during execution. This may or may not result in some failure.
slurmstepd-p107: error: Job 169524 hit memory limit at least once during execution. This may or may not result in some failure.
srun: error: p107: task 0: Out Of Memory
slurmstepd-p107: error: Job 169524 hit memory limit at least once during execution. This may or may not result in some failure.
slurmstepd-knm003: error: *** JOB 169486 ON knm003 CANCELLED AT 2019-04-12T20:53:56 DUE TO TIME LIMIT ***
slurmstepd-knm002: error: *** JOB 169490 ON knm002 CANCELLED AT 2019-04-12T20:53:56 DUE TO TIME LIMIT ***
srun: Job step aborted: Waiting up to 32 seconds for job step to finish.
srun: Job step aborted: Waiting up to 32 seconds for job step to finish.
slurmstepd-knm003: error: *** STEP 169486.0 ON knm003 CANCELLED AT 2019-04-12T20:53:56 DUE TO TIME LIMIT ***
slurmstepd-knm002: error: *** STEP 169490.0 ON knm002 CANCELLED AT 2019-04-12T20:53:56 DUE TO TIME LIMIT ***
slurmstepd-knm003: error: Job 169486 hit memory limit at least once during execution. This may or may not result in some failure.
slurmstepd-knm002: error: Job 169490 hit memory limit at least once during execution. This may or may not result in some failure.
slurmstepd-knm003: error: Job 169486 hit memory limit at least once during execution. This may or may not result in some failure.
