slurmstepd-big001: error: Step 169574.0 hit memory limit at least once during execution. This may or may not result in some failure.
slurmstepd-big001: error: Job 169574 hit memory limit at least once during execution. This may or may not result in some failure.
srun: error: big001: task 0: Out Of Memory
slurmstepd-big001: error: Job 169574 hit memory limit at least once during execution. This may or may not result in some failure.
slurmstepd-p104: error: Step 169600.0 hit memory limit at least once during execution. This may or may not result in some failure.
slurmstepd-p104: error: Job 169600 hit memory limit at least once during execution. This may or may not result in some failure.
srun: error: p104: task 0: Out Of Memory
slurmstepd-p104: error: Job 169600 hit memory limit at least once during execution. This may or may not result in some failure.
slurmstepd-big001: error: Step 169579.0 hit memory limit at least once during execution. This may or may not result in some failure.
slurmstepd-big001: error: Job 169579 hit memory limit at least once during execution. This may or may not result in some failure.
srun: error: big001: task 0: Out Of Memory
slurmstepd-big001: error: Job 169579 hit memory limit at least once during execution. This may or may not result in some failure.
slurmstepd-big001: error: Step 169580.0 hit memory limit at least once during execution. This may or may not result in some failure.
slurmstepd-big001: error: Job 169580 hit memory limit at least once during execution. This may or may not result in some failure.
srun: error: big001: task 0: Out Of Memory
slurmstepd-big001: error: Job 169580 hit memory limit at least once during execution. This may or may not result in some failure.
slurmstepd-big000: error: Step 169564.0 hit memory limit at least once during execution. This may or may not result in some failure.
slurmstepd-big000: error: Job 169564 hit memory limit at least once during execution. This may or may not result in some failure.
srun: error: big000: task 0: Out Of Memory
slurmstepd-big000: error: Job 169564 hit memory limit at least once during execution. This may or may not result in some failure.
slurmstepd-big001: error: Step 169577.0 hit memory limit at least once during execution. This may or may not result in some failure.
slurmstepd-big001: error: Job 169577 hit memory limit at least once during execution. This may or may not result in some failure.
srun: error: big001: task 0: Out Of Memory
slurmstepd-big001: error: Job 169577 hit memory limit at least once during execution. This may or may not result in some failure.
slurmstepd-p104: error: Step 169599.0 hit memory limit at least once during execution. This may or may not result in some failure.
slurmstepd-p104: error: Job 169599 hit memory limit at least once during execution. This may or may not result in some failure.
srun: error: p104: task 0: Out Of Memory
slurmstepd-p104: error: Job 169599 hit memory limit at least once during execution. This may or may not result in some failure.
slurmstepd-p104: error: Step 169601.0 hit memory limit at least once during execution. This may or may not result in some failure.
slurmstepd-p104: error: Job 169601 hit memory limit at least once during execution. This may or may not result in some failure.
srun: error: p104: task 0: Out Of Memory
slurmstepd-p104: error: Job 169601 hit memory limit at least once during execution. This may or may not result in some failure.
slurmstepd-p100: error: Step 169584.0 hit memory limit at least once during execution. This may or may not result in some failure.
slurmstepd-p100: error: Job 169584 hit memory limit at least once during execution. This may or may not result in some failure.
srun: error: p100: task 0: Out Of Memory
slurmstepd-p100: error: Job 169584 hit memory limit at least once during execution. This may or may not result in some failure.
slurmstepd-big001: error: Step 169575.0 hit memory limit at least once during execution. This may or may not result in some failure.
slurmstepd-big001: error: Job 169575 hit memory limit at least once during execution. This may or may not result in some failure.
srun: error: big001: task 0: Out Of Memory
slurmstepd-big001: error: Job 169575 hit memory limit at least once during execution. This may or may not result in some failure.
slurmstepd-big001: error: Step 169581.0 hit memory limit at least once during execution. This may or may not result in some failure.
slurmstepd-big001: error: Job 169581 hit memory limit at least once during execution. This may or may not result in some failure.
srun: error: big001: task 0: Out Of Memory
slurmstepd-big001: error: Job 169581 hit memory limit at least once during execution. This may or may not result in some failure.
slurmstepd-p104: error: Step 169598.0 hit memory limit at least once during execution. This may or may not result in some failure.
slurmstepd-p104: error: Job 169598 hit memory limit at least once during execution. This may or may not result in some failure.
srun: error: p104: task 0: Out Of Memory
slurmstepd-p104: error: Job 169598 hit memory limit at least once during execution. This may or may not result in some failure.
slurmstepd-big001: error: Step 169576.0 hit memory limit at least once during execution. This may or may not result in some failure.
slurmstepd-big001: error: Job 169576 hit memory limit at least once during execution. This may or may not result in some failure.
srun: error: big001: task 0: Out Of Memory
slurmstepd-big001: error: Job 169576 hit memory limit at least once during execution. This may or may not result in some failure.
slurmstepd-big000: error: Step 169567.0 hit memory limit at least once during execution. This may or may not result in some failure.
slurmstepd-big000: error: Job 169567 hit memory limit at least once during execution. This may or may not result in some failure.
srun: error: big000: task 0: Out Of Memory
slurmstepd-big000: error: Job 169567 hit memory limit at least once during execution. This may or may not result in some failure.
slurmstepd-big000: error: Step 169565.0 hit memory limit at least once during execution. This may or may not result in some failure.
slurmstepd-big000: error: Job 169565 hit memory limit at least once during execution. This may or may not result in some failure.
srun: error: big000: task 0: Out Of Memory
slurmstepd-big000: error: Job 169565 hit memory limit at least once during execution. This may or may not result in some failure.
slurmstepd-p101: error: Step 169589.0 hit memory limit at least once during execution. This may or may not result in some failure.
slurmstepd-p101: error: Job 169589 hit memory limit at least once during execution. This may or may not result in some failure.
srun: error: p101: task 0: Out Of Memory
slurmstepd-p101: error: Job 169589 hit memory limit at least once during execution. This may or may not result in some failure.
slurmstepd-big001: error: Step 169578.0 hit memory limit at least once during execution. This may or may not result in some failure.
slurmstepd-big001: error: Job 169578 hit memory limit at least once during execution. This may or may not result in some failure.
srun: error: big001: task 0: Out Of Memory
slurmstepd-big001: error: Job 169578 hit memory limit at least once during execution. This may or may not result in some failure.
slurmstepd-p103: error: Step 169595.0 hit memory limit at least once during execution. This may or may not result in some failure.
slurmstepd-p103: error: Job 169595 hit memory limit at least once during execution. This may or may not result in some failure.
srun: error: p103: task 0: Out Of Memory
slurmstepd-p103: error: Job 169595 hit memory limit at least once during execution. This may or may not result in some failure.
slurmstepd-p100: error: Step 169585.0 hit memory limit at least once during execution. This may or may not result in some failure.
slurmstepd-p100: error: Job 169585 hit memory limit at least once during execution. This may or may not result in some failure.
srun: error: p100: task 0: Out Of Memory
slurmstepd-p100: error: Job 169585 hit memory limit at least once during execution. This may or may not result in some failure.
slurmstepd-big001: error: Step 169583.0 hit memory limit at least once during execution. This may or may not result in some failure.
slurmstepd-big001: error: Job 169583 hit memory limit at least once during execution. This may or may not result in some failure.
srun: error: big001: task 0: Out Of Memory
slurmstepd-big001: error: Job 169583 hit memory limit at least once during execution. This may or may not result in some failure.
slurmstepd-big001: error: Step 169582.0 hit memory limit at least once during execution. This may or may not result in some failure.
slurmstepd-big001: error: Job 169582 hit memory limit at least once during execution. This may or may not result in some failure.
srun: error: big001: task 0: Out Of Memory
slurmstepd-big001: error: Job 169582 hit memory limit at least once during execution. This may or may not result in some failure.
slurmstepd-p105: error: Step 169604.0 hit memory limit at least once during execution. This may or may not result in some failure.
slurmstepd-p105: error: Job 169604 hit memory limit at least once during execution. This may or may not result in some failure.
slurmstepd-big000: error: Step 169571.0 hit memory limit at least once during execution. This may or may not result in some failure.
slurmstepd-big000: error: Job 169571 hit memory limit at least once during execution. This may or may not result in some failure.
srun: error: big000: task 0: Out Of Memory
slurmstepd-big000: error: Job 169571 hit memory limit at least once during execution. This may or may not result in some failure.
srun: error: p105: task 0: Out Of Memory
slurmstepd-p105: error: Job 169604 hit memory limit at least once during execution. This may or may not result in some failure.
slurmstepd-big000: error: Step 169566.0 hit memory limit at least once during execution. This may or may not result in some failure.
slurmstepd-big000: error: Job 169566 hit memory limit at least once during execution. This may or may not result in some failure.
srun: error: big000: task 0: Out Of Memory
slurmstepd-big000: error: Job 169566 hit memory limit at least once during execution. This may or may not result in some failure.
slurmstepd-p102: error: Step 169590.0 hit memory limit at least once during execution. This may or may not result in some failure.
slurmstepd-p102: error: Job 169590 hit memory limit at least once during execution. This may or may not result in some failure.
srun: error: p102: task 0: Out Of Memory
slurmstepd-p102: error: Job 169590 hit memory limit at least once during execution. This may or may not result in some failure.
slurmstepd-p101: error: Step 169586.0 hit memory limit at least once during execution. This may or may not result in some failure.
slurmstepd-p101: error: Job 169586 hit memory limit at least once during execution. This may or may not result in some failure.
srun: error: p101: task 0: Out Of Memory
slurmstepd-p101: error: Job 169586 hit memory limit at least once during execution. This may or may not result in some failure.
slurmstepd-p103: error: Step 169594.0 hit memory limit at least once during execution. This may or may not result in some failure.
slurmstepd-p103: error: Job 169594 hit memory limit at least once during execution. This may or may not result in some failure.
srun: error: p103: task 0: Out Of Memory
slurmstepd-p103: error: Job 169594 hit memory limit at least once during execution. This may or may not result in some failure.
slurmstepd-p102: error: Step 169591.0 hit memory limit at least once during execution. This may or may not result in some failure.
slurmstepd-p102: error: Job 169591 hit memory limit at least once during execution. This may or may not result in some failure.
srun: error: p102: task 0: Out Of Memory
slurmstepd-p102: error: Job 169591 hit memory limit at least once during execution. This may or may not result in some failure.
slurmstepd-big000: error: Step 169569.0 hit memory limit at least once during execution. This may or may not result in some failure.
slurmstepd-big000: error: Job 169569 hit memory limit at least once during execution. This may or may not result in some failure.
srun: error: big000: task 0: Out Of Memory
slurmstepd-big000: error: Job 169569 hit memory limit at least once during execution. This may or may not result in some failure.
slurmstepd-big000: error: Step 169573.0 hit memory limit at least once during execution. This may or may not result in some failure.
slurmstepd-big000: error: Job 169573 hit memory limit at least once during execution. This may or may not result in some failure.
srun: error: big000: task 0: Out Of Memory
slurmstepd-big000: error: Job 169573 hit memory limit at least once during execution. This may or may not result in some failure.
slurmstepd-p102: error: Step 169593.0 hit memory limit at least once during execution. This may or may not result in some failure.
slurmstepd-p102: error: Job 169593 hit memory limit at least once during execution. This may or may not result in some failure.
srun: error: p102: task 0: Out Of Memory
slurmstepd-p102: error: Job 169593 hit memory limit at least once during execution. This may or may not result in some failure.
slurmstepd-p101: error: Step 169588.0 hit memory limit at least once during execution. This may or may not result in some failure.
slurmstepd-p101: error: Job 169588 hit memory limit at least once during execution. This may or may not result in some failure.
srun: error: p101: task 0: Out Of Memory
slurmstepd-p101: error: Job 169588 hit memory limit at least once during execution. This may or may not result in some failure.
slurmstepd-p103: error: Step 169596.0 hit memory limit at least once during execution. This may or may not result in some failure.
slurmstepd-p103: error: Job 169596 hit memory limit at least once during execution. This may or may not result in some failure.
srun: error: p103: task 0: Out Of Memory
slurmstepd-p103: error: Job 169596 hit memory limit at least once during execution. This may or may not result in some failure.
slurmstepd-big000: error: Step 169570.0 hit memory limit at least once during execution. This may or may not result in some failure.
slurmstepd-big000: error: Job 169570 hit memory limit at least once during execution. This may or may not result in some failure.
srun: error: big000: task 0: Out Of Memory
slurmstepd-big000: error: Job 169570 hit memory limit at least once during execution. This may or may not result in some failure.
slurmstepd-big000: error: Step 169572.0 hit memory limit at least once during execution. This may or may not result in some failure.
slurmstepd-big000: error: Job 169572 hit memory limit at least once during execution. This may or may not result in some failure.
srun: error: big000: task 0: Out Of Memory
slurmstepd-big000: error: Job 169572 hit memory limit at least once during execution. This may or may not result in some failure.
slurmstepd-p101: error: Step 169587.0 hit memory limit at least once during execution. This may or may not result in some failure.
slurmstepd-p101: error: Job 169587 hit memory limit at least once during execution. This may or may not result in some failure.
srun: error: p101: task 0: Out Of Memory
slurmstepd-p101: error: Job 169587 hit memory limit at least once during execution. This may or may not result in some failure.
slurmstepd-big000: error: Step 169568.0 hit memory limit at least once during execution. This may or may not result in some failure.
slurmstepd-big000: error: Job 169568 hit memory limit at least once during execution. This may or may not result in some failure.
srun: error: big000: task 0: Out Of Memory
slurmstepd-big000: error: Job 169568 hit memory limit at least once during execution. This may or may not result in some failure.
slurmstepd-p105: error: Step 169603.0 hit memory limit at least once during execution. This may or may not result in some failure.
slurmstepd-p105: error: Job 169603 hit memory limit at least once during execution. This may or may not result in some failure.
srun: error: p105: task 0: Out Of Memory
slurmstepd-p105: error: Job 169603 hit memory limit at least once during execution. This may or may not result in some failure.
slurmstepd-p103: error: Step 169597.0 hit memory limit at least once during execution. This may or may not result in some failure.
slurmstepd-p103: error: Job 169597 hit memory limit at least once during execution. This may or may not result in some failure.
srun: error: p103: task 0: Out Of Memory
slurmstepd-p103: error: Job 169597 hit memory limit at least once during execution. This may or may not result in some failure.
slurmstepd-p102: error: Step 169592.0 hit memory limit at least once during execution. This may or may not result in some failure.
slurmstepd-p102: error: Job 169592 hit memory limit at least once during execution. This may or may not result in some failure.
srun: error: p102: task 0: Out Of Memory
slurmstepd-p102: error: Job 169592 hit memory limit at least once during execution. This may or may not result in some failure.
slurmstepd-p105: error: Step 169602.0 hit memory limit at least once during execution. This may or may not result in some failure.
slurmstepd-p105: error: Job 169602 hit memory limit at least once during execution. This may or may not result in some failure.
srun: error: p105: task 0: Out Of Memory
slurmstepd-p105: error: Job 169602 hit memory limit at least once during execution. This may or may not result in some failure.
slurmstepd-p105: error: Step 169605.0 hit memory limit at least once during execution. This may or may not result in some failure.
slurmstepd-p105: error: Job 169605 hit memory limit at least once during execution. This may or may not result in some failure.
srun: error: p105: task 0: Out Of Memory
slurmstepd-p105: error: Job 169605 hit memory limit at least once during execution. This may or may not result in some failure.
